TN:
SF:src/Doppler.sol
FN:43,Doppler.
FNDA:14,Doppler.
DA:54,14
DA:55,14
DA:56,14
DA:57,14
DA:58,14
DA:59,14
DA:60,14
DA:61,14
FN:70,Doppler.beforeSwap
FNDA:6,Doppler.beforeSwap
DA:77,6
DA:78,5
DA:81,4
BRDA:81,0,0,4
DA:86,4
DA:87,4
FN:93,Doppler.afterSwap
FNDA:513,Doppler.afterSwap
DA:101,513
BRDA:101,1,0,513
BRDA:100,1,1,-
DA:102,513
DA:105,513
DA:107,513
DA:111,513
DA:113,0
DA:114,0
DA:116,0
DA:119,0
DA:122,0
DA:125,513
FN:126,Doppler.beforeAddLiquidity
FNDA:2,Doppler.beforeAddLiquidity
DA:135,2
BRDA:135,2,0,1
DA:136,1
FN:137,Doppler._rebalance
FNDA:4,Doppler._rebalance
DA:140,4
DA:141,4
DA:143,4
DA:144,4
DA:145,4
DA:146,4
DA:148,4
DA:150,4
DA:155,4
DA:156,4
DA:157,4
DA:159,4
DA:160,4
DA:162,4
DA:163,4
DA:165,3
BRDA:165,3,0,3
BRDA:163,3,1,-
DA:167,3
DA:169,1
BRDA:169,4,0,-
BRDA:169,4,1,-
DA:172,1
DA:173,1
DA:178,1
DA:180,1
DA:182,4
DA:183,1
BRDA:183,5,0,1
DA:184,1
DA:188,1
BRDA:188,6,0,1
BRDA:188,6,1,-
DA:195,0
DA:199,4
DA:202,4
DA:203,4
DA:205,4
DA:207,4
DA:209,4
DA:210,4
BRDA:210,7,0,4
BRDA:210,7,1,-
DA:213,4
DA:216,4
DA:218,0
DA:219,0
DA:221,0
DA:222,4
DA:226,4
DA:227,1
BRDA:227,8,0,1
BRDA:227,9,0,1
BRDA:227,9,1,-
DA:229,1
DA:234,1
DA:238,1
DA:244,0
DA:250,0
DA:254,0
DA:256,0
FN:264,Doppler._getExpectedAmountSold
FNDA:260,Doppler._getExpectedAmountSold
DA:268,260
DA:269,260
FN:274,Doppler._getMaxTickDeltaPerEpoch
FNDA:4,Doppler._getMaxTickDeltaPerEpoch
DA:275,4
FN:278,Doppler._getElapsedGamma
FNDA:257,Doppler._getElapsedGamma
DA:279,257
FN:285,Doppler._getTicksBasedOnState
FNDA:260,Doppler._getTicksBasedOnState
DA:288,260
DA:289,260
FN:291,Doppler.getHookPermissions
FNDA:14,Doppler.getHookPermissions
DA:292,14
FNF:10
FNH:10
LF:82
LH:69
BRF:16
BRH:9
end_of_record
TN:
SF:test/DopplerImplementation.sol
FN:10,DopplerImplementation.
FNDA:14,DopplerImplementation.
DA:32,14
FN:38,DopplerImplementation.validateHookAddress
FNDA:0,DopplerImplementation.validateHookAddress
FN:39,DopplerImplementation.getStartingTime
FNDA:2055,DopplerImplementation.getStartingTime
DA:41,2055
FN:41,DopplerImplementation.getEndingTime
FNDA:1025,DopplerImplementation.getEndingTime
DA:45,1025
FN:45,DopplerImplementation.getEpochLength
FNDA:3,DopplerImplementation.getEpochLength
DA:49,3
FN:49,DopplerImplementation.getIsToken0
FNDA:512,DopplerImplementation.getIsToken0
DA:53,512
FN:53,DopplerImplementation.getNumTokensToSell
FNDA:256,DopplerImplementation.getNumTokensToSell
DA:57,256
FN:57,DopplerImplementation.getStartingTick
FNDA:257,DopplerImplementation.getStartingTick
DA:61,257
FN:61,DopplerImplementation.getEndingTick
FNDA:257,DopplerImplementation.getEndingTick
DA:65,257
FN:65,DopplerImplementation.getGamma
FNDA:512,DopplerImplementation.getGamma
DA:67,512
FN:69,DopplerImplementation.getExpectedAmountSold
FNDA:256,DopplerImplementation.getExpectedAmountSold
DA:73,256
FN:73,DopplerImplementation.getMaxTickDeltaPerEpoch
FNDA:1,DopplerImplementation.getMaxTickDeltaPerEpoch
DA:77,1
FN:77,DopplerImplementation.getElapsedGamma
FNDA:256,DopplerImplementation.getElapsedGamma
DA:78,256
DA:79,256
FN:81,DopplerImplementation.getTicksBasedOnState
FNDA:256,DopplerImplementation.getTicksBasedOnState
DA:85,256
FNF:14
FNH:13
LF:14
LH:14
BRF:0
BRH:0
end_of_record
