TN:
SF:script/DeployFactory.sol
DA:27,0
FN:27,DeployFactoriesWorldChain.setUp
FNDA:0,DeployFactoriesWorldChain.setUp
DA:40,0
FN:40,DeployFactoriesWorldChain.run
FNDA:0,DeployFactoriesWorldChain.run
DA:41,0
DA:42,0
DA:44,0
DA:45,0
DA:46,0
DA:53,0
DA:54,0
DA:55,0
DA:56,0
DA:57,0
DA:59,0
DA:60,0
DA:61,0
DA:62,0
DA:63,0
DA:64,0
DA:69,0
DA:70,0
DA:72,0
DA:73,0
DA:74,0
DA:75,0
DA:76,0
DA:77,0
DA:79,0
DA:80,0
DA:81,0
DA:82,0
DA:83,0
DA:84,0
DA:86,0
DA:88,0
FNF:2
FNH:0
LF:34
LH:0
BRF:0
BRH:0
end_of_record
TN:
SF:script/DeployFactoryUnichainSepolia.sol
DA:27,0
FN:27,DeployDopplerV3FactoryUnichainSepolia.setUp
FNDA:0,DeployDopplerV3FactoryUnichainSepolia.setUp
DA:40,0
FN:40,DeployDopplerV3FactoryUnichainSepolia.run
FNDA:0,DeployDopplerV3FactoryUnichainSepolia.run
DA:41,0
DA:42,0
DA:44,0
DA:45,0
DA:46,0
DA:47,0
DA:48,0
DA:49,0
DA:50,0
DA:51,0
DA:52,0
DA:53,0
DA:54,0
DA:55,0
DA:56,0
DA:58,0
DA:59,0
DA:60,0
DA:61,0
DA:62,0
DA:63,0
DA:65,0
DA:66,0
DA:67,0
DA:68,0
DA:69,0
DA:70,0
DA:72,0
DA:73,0
DA:74,0
DA:75,0
DA:76,0
DA:77,0
DA:79,0
DA:81,0
FNF:2
FNH:0
LF:37
LH:0
BRF:0
BRH:0
end_of_record
TN:
SF:src/Airlock.sol
DA:129,8
FN:129,Airlock.create
FNDA:8,Airlock.create
DA:132,8
BRDA:132,0,0,-
BRDA:132,0,1,-
DA:140,7
BRDA:140,1,0,-
BRDA:140,1,1,-
DA:148,6
BRDA:148,2,0,-
BRDA:148,2,1,-
DA:156,7
BRDA:156,3,0,-
BRDA:156,3,1,-
DA:185,8
DA:189,4
DA:191,4
DA:192,4
DA:196,4
DA:199,4
DA:212,4
DA:219,1
FN:219,Airlock.migrate
FNDA:1,Airlock.migrate
DA:222,1
DA:224,1
DA:225,1
DA:227,1
DA:235,1
DA:237,1
DA:238,1
DA:240,1
DA:241,1
DA:243,1
DA:244,1
DA:246,1
DA:247,1
DA:249,1
DA:250,1
DA:251,1
DA:252,1
DA:254,1
DA:255,1
DA:257,1
BRDA:257,4,0,-
BRDA:257,4,1,1
DA:258,0
DA:260,1
DA:263,0
DA:264,1
DA:266,1
DA:268,1
DA:276,16
FN:276,Airlock.setModuleState
FNDA:16,Airlock.setModuleState
DA:277,16
DA:279,16
BRDA:279,5,0,-
DA:280,0
DA:283,16
DA:284,68
DA:285,68
DA:295,0
FN:295,Airlock.collectProtocolFees
FNDA:0,Airlock.collectProtocolFees
DA:296,0
DA:297,0
DA:298,0
DA:307,0
FN:307,Airlock.collectIntegratorFees
FNDA:0,Airlock.collectIntegratorFees
DA:308,0
DA:309,0
DA:310,0
FNF:5
FNH:3
LF:54
LH:43
BRF:11
BRH:1
end_of_record
TN:
SF:src/DERC20.sol
DA:87,31
FN:87,DERC20.constructor
FNDA:31,DERC20.constructor
DA:98,31
DA:99,31
DA:100,31
DA:101,31
DA:103,31
DA:104,31
BRDA:104,0,0,-
BRDA:104,0,1,-
DA:106,30
DA:108,30
DA:110,30
DA:111,19
DA:112,19
DA:113,19
BRDA:113,1,0,-
BRDA:113,1,1,-
DA:117,19
DA:120,28
DA:121,28
BRDA:121,2,0,-
BRDA:121,2,1,-
DA:123,27
BRDA:123,3,0,4
DA:124,4
DA:127,28
DA:134,3
FN:134,DERC20.lockPool
FNDA:3,DERC20.lockPool
DA:137,3
DA:138,3
DA:142,2
FN:142,DERC20.unlockPool
FNDA:2,DERC20.unlockPool
DA:143,2
DA:151,5
FN:151,DERC20.mint
FNDA:5,DERC20.mint
DA:152,5
BRDA:152,4,0,-
BRDA:152,4,1,-
DA:154,4
BRDA:154,5,0,3
DA:155,3
DA:156,3
DA:159,4
BRDA:159,6,0,-
BRDA:159,6,1,-
DA:160,3
DA:162,5
DA:169,4
FN:169,DERC20.release
FNDA:4,DERC20.release
DA:172,4
DA:174,4
BRDA:174,7,0,3
BRDA:174,7,1,1
DA:175,3
DA:177,1
DA:180,4
DA:181,3
BRDA:181,8,0,-
BRDA:181,8,1,-
DA:183,4
DA:187,0
FN:187,DERC20.nonces
FNDA:0,DERC20.nonces
DA:190,0
DA:194,263
FN:194,DERC20._update
FNDA:263,DERC20._update
DA:195,263
BRDA:195,9,0,2
DA:197,261
FNF:7
FNH:6
LF:45
LH:43
BRF:17
BRH:5
end_of_record
TN:
SF:src/Doppler.sol
DA:151,2
FN:151,Doppler.receive
FNDA:2,Doppler.receive
DA:152,2
BRDA:152,0,0,1
DA:170,60
FN:170,Doppler.constructor
FNDA:60,Doppler.constructor
DA:186,60
BRDA:186,1,0,-
DA:190,60
BRDA:190,2,0,60
DA:191,60
BRDA:191,3,0,-
DA:192,60
BRDA:192,4,0,-
DA:197,60
BRDA:197,5,0,-
DA:198,60
DA:201,60
DA:202,60
DA:203,0
BRDA:203,6,0,-
DA:204,0
DA:207,60
BRDA:207,7,0,-
DA:210,60
BRDA:210,8,0,-
DA:211,60
BRDA:211,9,0,-
DA:214,60
BRDA:214,10,0,-
DA:216,60
DA:217,60
DA:220,60
DA:222,60
DA:223,60
DA:224,60
DA:225,60
DA:226,60
DA:227,60
DA:228,60
DA:229,60
DA:230,60
DA:231,60
DA:232,60
DA:233,60
DA:237,60
FN:237,Doppler.beforeInitialize
FNDA:60,Doppler.beforeInitialize
DA:242,0
BRDA:242,11,0,-
DA:243,60
DA:244,60
DA:247,60
BRDA:247,12,0,-
DA:252,60
BRDA:252,13,0,-
DA:254,60
DA:262,60
FN:262,Doppler.afterInitialize
FNDA:60,Doppler.afterInitialize
DA:268,60
DA:269,60
DA:273,0
FN:273,Doppler.beforeDonate
FNDA:0,Doppler.beforeDonate
DA:280,0
DA:290,102
FN:290,Doppler.beforeSwap
FNDA:102,Doppler.beforeSwap
DA:296,0
BRDA:296,14,0,-
DA:298,102
BRDA:298,15,0,1
DA:301,101
BRDA:301,16,0,49
DA:302,49
DA:306,51
BRDA:306,17,0,3
DA:309,3
BRDA:309,18,0,2
BRDA:309,18,1,2
DA:310,2
DA:312,2
DA:313,2
DA:315,2
DA:316,2
DA:317,2
DA:318,2
DA:319,6
DA:323,2
DA:324,2
DA:326,2
DA:327,2
DA:328,2
DA:330,2
DA:338,2
DA:343,2
DA:344,2
DA:345,2
DA:349,2
DA:350,8
DA:353,1
DA:358,50
BRDA:358,19,0,48
BRDA:358,19,1,-
DA:359,48
DA:362,2
BRDA:362,20,0,2
BRDA:362,20,1,-
DA:363,2
BRDA:363,21,0,1
DA:364,1
DA:367,0
BRDA:367,22,0,1
DA:368,1
DA:373,49
DA:384,99
FN:384,Doppler.afterSwap
FNDA:99,Doppler.afterSwap
DA:392,99
DA:393,99
DA:395,99
DA:396,99
DA:399,99
BRDA:399,23,0,99
BRDA:399,23,1,-
DA:400,99
BRDA:400,24,0,2
DA:402,97
DA:403,97
BRDA:403,25,0,88
BRDA:403,25,1,9
DA:404,88
DA:406,9
DA:407,9
DA:410,97
DA:411,97
BRDA:411,26,0,9
BRDA:411,26,1,88
DA:412,9
DA:414,88
DA:415,88
DA:418,0
BRDA:418,27,0,2
DA:420,0
DA:421,0
BRDA:421,28,0,-
BRDA:421,28,1,-
DA:422,0
DA:424,0
DA:425,0
DA:428,0
DA:429,0
BRDA:429,29,0,-
BRDA:429,29,1,-
DA:430,0
DA:432,0
DA:433,0
DA:438,97
BRDA:438,30,0,-
DA:439,0
DA:442,97
DA:449,2
FN:449,Doppler.beforeAddLiquidity
FNDA:2,Doppler.beforeAddLiquidity
DA:455,2
BRDA:455,31,0,1
DA:457,1
DA:464,48
FN:464,Doppler._rebalance
FNDA:48,Doppler._rebalance
DA:468,48
DA:469,48
DA:471,48
DA:474,48
DA:476,48
DA:478,48
DA:479,48
DA:481,48
DA:482,48
DA:483,48
DA:486,48
BRDA:486,32,0,12
DA:488,12
DA:490,12
BRDA:490,33,0,12
BRDA:490,33,1,-
DA:491,12
DA:492,0
BRDA:492,34,0,-
BRDA:492,34,1,-
DA:493,0
DA:501,0
DA:503,0
DA:508,0
DA:511,0
DA:513,0
DA:514,0
DA:515,0
DA:522,0
BRDA:522,35,0,-
BRDA:522,35,1,-
DA:523,0
DA:525,0
DA:528,0
DA:533,12
DA:534,12
DA:538,48
DA:539,48
DA:541,48
DA:544,48
BRDA:544,36,0,14
BRDA:544,36,1,-
DA:545,14
DA:546,14
DA:547,34
BRDA:547,37,0,24
BRDA:547,37,1,-
DA:549,24
DA:550,24
DA:553,10
DA:555,10
DA:560,10
DA:563,10
DA:565,10
DA:566,10
DA:567,10
DA:574,10
BRDA:574,38,0,10
BRDA:574,38,1,-
DA:575,10
DA:577,0
DA:580,10
DA:583,48
DA:585,48
BRDA:585,39,0,46
DA:586,46
DA:589,48
DA:592,48
DA:597,48
BRDA:597,40,0,34
DA:598,34
BRDA:598,41,0,34
BRDA:598,41,1,-
DA:599,34
DA:601,0
DA:605,48
DA:606,48
DA:608,48
DA:609,48
DA:612,48
DA:613,48
DA:614,48
DA:615,48
DA:616,144
DA:620,48
DA:622,48
DA:623,48
DA:624,48
BRDA:624,42,0,48
BRDA:624,42,1,-
DA:625,48
DA:626,48
DA:629,0
DA:630,0
DA:635,48
DA:636,48
DA:637,48
DA:638,48
DA:639,48
DA:640,48
DA:643,48
DA:644,48
DA:650,48
DA:656,48
DA:657,112
DA:666,48
DA:669,48
DA:670,48
DA:671,48
DA:672,144
BRDA:672,43,0,32
BRDA:672,43,1,112
DA:674,32
DA:676,112
DA:684,458
FN:684,Doppler._getEpochEndWithOffset
FNDA:458,Doppler._getEpochEndWithOffset
DA:687,458
DA:688,458
BRDA:688,44,0,26
DA:689,26
DA:691,0
DA:695,776
FN:695,Doppler._getCurrentEpoch
FNDA:776,Doppler._getCurrentEpoch
DA:696,776
DA:697,479
DA:702,627
FN:702,Doppler._getNormalizedTimeElapsed
FNDA:627,Doppler._getNormalizedTimeElapsed
DA:705,627
DA:712,165
FN:712,Doppler._getExpectedAmountSoldWithEpochOffset
FNDA:165,Doppler._getExpectedAmountSoldWithEpochOffset
DA:715,165
DA:726,66
FN:726,Doppler._getMaxTickDeltaPerEpoch
FNDA:66,Doppler._getMaxTickDeltaPerEpoch
DA:727,66
DA:728,66
DA:730,66
DA:731,66
BRDA:731,46,0,66
BRDA:731,46,1,-
DA:732,66
DA:734,0
DA:738,5
DA:745,1102
FN:745,Doppler._alignComputedTickWithTickSpacing
FNDA:1102,Doppler._alignComputedTickWithTickSpacing
DA:746,1092
BRDA:746,47,0,1092
BRDA:746,47,1,10
DA:748,1092
BRDA:748,48,0,249
BRDA:748,48,1,843
DA:750,249
DA:753,843
DA:757,10
BRDA:757,49,0,-
BRDA:757,49,1,10
DA:759,0
DA:762,10
DA:772,38
FN:772,Doppler._computeRequiredProceeds
FNDA:38,Doppler._computeRequiredProceeds
DA:777,38
DA:778,38
BRDA:778,50,0,38
BRDA:778,50,1,-
DA:779,38
DA:780,38
DA:782,0
DA:783,0
DA:793,379
FN:793,Doppler._getTicksBasedOnState
FNDA:379,Doppler._getTicksBasedOnState
DA:797,379
DA:798,379
DA:799,379
DA:802,377
BRDA:802,51,0,377
BRDA:802,51,1,2
DA:803,377
DA:805,2
DA:820,48
FN:820,Doppler._computeLowerSlugData
FNDA:48,Doppler._computeLowerSlugData
DA:830,48
BRDA:830,52,0,8
BRDA:830,52,1,40
DA:831,8
DA:833,40
DA:834,40
DA:835,40
DA:845,48
BRDA:845,53,0,10
DA:846,10
DA:860,108
FN:860,Doppler._computeUpperSlugData
FNDA:108,Doppler._computeUpperSlugData
DA:867,108
DA:869,108
DA:872,108
BRDA:872,54,0,104
BRDA:872,54,1,2
DA:873,104
DA:874,104
DA:875,104
DA:876,104
DA:880,4
DA:881,4
DA:885,108
BRDA:885,55,0,104
BRDA:885,55,1,4
DA:886,104
DA:893,4
DA:896,108
DA:907,108
FN:907,Doppler._computePriceDiscoverySlugsData
FNDA:108,Doppler._computePriceDiscoverySlugsData
DA:914,108
DA:916,108
DA:919,108
BRDA:919,56,0,6
DA:920,6
DA:923,102
DA:924,102
BRDA:924,57,0,102
BRDA:924,57,1,-
DA:925,102
DA:927,0
DA:930,102
DA:931,102
DA:932,116
BRDA:932,58,0,102
DA:933,102
DA:935,14
DA:938,102
DA:939,100
BRDA:939,59,0,100
BRDA:939,59,1,-
DA:940,100
DA:942,2
DA:945,102
DA:946,102
DA:947,102
DA:948,102
DA:950,102
DA:951,102
DA:952,292
DA:953,292
DA:954,292
DA:956,292
DA:966,102
DA:973,10
FN:973,Doppler._computeTargetPriceX96
FNDA:10,Doppler._computeTargetPriceX96
DA:974,10
DA:982,446
FN:982,Doppler._computeLiquidity
FNDA:446,Doppler._computeLiquidity
DA:989,446
DA:991,388
BRDA:991,60,0,388
BRDA:991,60,1,58
DA:992,388
DA:994,58
DA:1002,50
FN:1002,Doppler._clearPositions
FNDA:50,Doppler._clearPositions
DA:1006,50
DA:1007,250
BRDA:1007,61,0,202
DA:1008,202
DA:1018,202
DA:1019,202
DA:1029,110
FN:1029,Doppler._update
FNDA:110,Doppler._update
DA:1035,110
BRDA:1035,62,0,50
DA:1037,50
DA:1048,110
DA:1049,542
BRDA:1049,63,0,436
DA:1051,436
DA:1064,110
DA:1065,110
DA:1067,110
BRDA:1067,64,0,4
DA:1068,4
DA:1071,110
BRDA:1071,65,0,40
DA:1072,40
DA:1075,110
BRDA:1075,66,0,104
DA:1076,104
DA:1077,104
DA:1080,110
BRDA:1080,67,0,2
DA:1081,2
DA:1082,2
DA:1085,110
DA:1103,62
FN:1103,Doppler._unlockCallback
FNDA:62,Doppler._unlockCallback
DA:1106,62
DA:1107,62
DA:1110,2
BRDA:1110,68,0,2
DA:1111,2
DA:1112,2
DA:1114,2
DA:1115,10
DA:1117,10
BRDA:1117,69,0,8
DA:1118,8
DA:1129,8
DA:1130,8
DA:1134,2
DA:1135,2
DA:1137,2
BRDA:1137,70,0,2
DA:1138,2
DA:1141,2
BRDA:1141,71,0,2
DA:1142,2
DA:1145,2
DA:1147,2
DA:1150,60
DA:1152,60
DA:1153,60
DA:1154,60
DA:1157,60
DA:1158,60
DA:1159,60
DA:1160,60
DA:1162,60
DA:1164,60
DA:1170,60
DA:1176,60
DA:1177,180
DA:1185,60
DA:1187,60
DA:1188,60
DA:1189,60
DA:1190,180
DA:1193,60
DA:1201,10
FN:1201,Doppler._computeLowerSlugInsufficientProceeds
FNDA:10,Doppler._computeLowerSlugInsufficientProceeds
DA:1206,10
DA:1207,10
BRDA:1207,72,0,10
BRDA:1207,72,1,-
DA:1209,10
DA:1212,0
DA:1215,10
DA:1220,10
DA:1222,10
DA:1231,60
FN:1231,Doppler.getHookPermissions
FNDA:60,Doppler.getHookPermissions
DA:1232,60
DA:1255,4
FN:1255,Doppler.migrate
FNDA:4,Doppler.migrate
DA:1269,4
BRDA:1269,73,0,1
DA:1271,3
BRDA:1271,74,0,1
DA:1272,1
DA:1275,2
DA:1279,2
DA:1282,2
DA:1283,2
DA:1285,2
DA:1286,2
DA:1287,2
DA:1290,2
DA:1291,2
DA:1292,2
DA:1293,2
FNF:28
FNH:27
LF:397
LH:354
BRF:104
BRH:67
end_of_record
TN:
SF:src/Governance.sol
DA:27,4
FN:27,Governance.constructor
FNDA:4,Governance.constructor
DA:38,4
DA:43,0
FN:43,Governance.votingDelay
FNDA:0,Governance.votingDelay
DA:44,0
DA:47,0
FN:47,Governance.votingPeriod
FNDA:0,Governance.votingPeriod
DA:48,0
DA:51,0
FN:51,Governance.quorum
FNDA:0,Governance.quorum
DA:54,0
DA:57,0
FN:57,Governance.state
FNDA:0,Governance.state
DA:60,0
DA:63,0
FN:63,Governance.proposalNeedsQueuing
FNDA:0,Governance.proposalNeedsQueuing
DA:66,0
DA:69,0
FN:69,Governance.proposalThreshold
FNDA:0,Governance.proposalThreshold
DA:70,0
DA:74,0
FN:74,Governance._propose
FNDA:0,Governance._propose
DA:81,0
BRDA:81,0,0,-
BRDA:81,0,1,-
DA:82,0
DA:85,0
FN:85,Governance._queueOperations
FNDA:0,Governance._queueOperations
DA:92,0
DA:95,0
FN:95,Governance._executeOperations
FNDA:0,Governance._executeOperations
DA:102,0
DA:105,0
FN:105,Governance._cancel
FNDA:0,Governance._cancel
DA:111,0
DA:114,0
FN:114,Governance._executor
FNDA:0,Governance._executor
DA:115,0
FNF:12
FNH:1
LF:25
LH:2
BRF:2
BRH:0
end_of_record
TN:
SF:src/GovernanceFactory.sol
DA:15,14
FN:15,GovernanceFactory.constructor
FNDA:14,GovernanceFactory.constructor
DA:18,14
DA:19,14
DA:22,4
FN:22,GovernanceFactory.create
FNDA:4,GovernanceFactory.create
DA:23,4
BRDA:23,0,0,-
DA:24,0
DA:27,4
DA:29,4
DA:30,4
DA:32,4
DA:33,4
DA:34,4
DA:36,4
DA:38,4
DA:43,4
FN:43,TimelockFactory.create
FNDA:4,TimelockFactory.create
DA:44,4
FNF:3
FNH:3
LF:16
LH:15
BRF:1
BRH:0
end_of_record
TN:
SF:src/TokenFactory.sol
DA:15,16
FN:15,TokenFactory.constructor
FNDA:16,TokenFactory.constructor
DA:18,16
DA:29,5
FN:29,TokenFactory.create
FNDA:5,TokenFactory.create
DA:36,5
BRDA:36,0,0,-
DA:37,0
DA:40,5
DA:47,5
DA:49,5
FNF:2
FNH:2
LF:8
LH:7
BRF:1
BRH:0
end_of_record
TN:
SF:src/UniswapV2Locker.sol
DA:59,25
FN:59,UniswapV2Locker.constructor
FNDA:25,UniswapV2Locker.constructor
DA:60,25
DA:61,25
DA:62,25
DA:69,7
FN:69,UniswapV2Locker.receiveAndLock
FNDA:7,UniswapV2Locker.receiveAndLock
DA:72,7
BRDA:72,0,0,-
BRDA:72,0,1,-
DA:73,7
BRDA:73,1,0,-
BRDA:73,1,1,-
DA:75,6
DA:76,6
BRDA:76,2,0,-
BRDA:76,2,1,-
DA:78,5
DA:79,5
DA:82,5
DA:83,5
DA:85,5
DA:93,2
FN:93,UniswapV2Locker.claimFeesAndExit
FNDA:2,UniswapV2Locker.claimFeesAndExit
DA:96,2
DA:98,2
BRDA:98,3,0,-
BRDA:98,3,1,-
DA:101,2
DA:103,1
DA:105,1
DA:106,1
DA:108,1
DA:111,1
DA:112,1
DA:114,1
DA:115,1
DA:117,1
DA:118,1
DA:120,1
DA:121,1
BRDA:121,4,0,1
DA:122,1
DA:124,1
BRDA:124,5,0,1
DA:125,1
DA:128,1
DA:129,1
DA:131,1
DA:132,1
BRDA:132,6,0,1
DA:133,1
DA:135,1
BRDA:135,7,0,1
DA:136,1
FNF:3
FNH:3
LF:40
LH:40
BRF:12
BRH:4
end_of_record
TN:
SF:src/UniswapV2Migrator.sol
DA:38,19
FN:38,UniswapV2Migrator.constructor
FNDA:19,UniswapV2Migrator.constructor
DA:39,19
DA:40,19
DA:41,19
DA:42,19
DA:45,8
FN:45,UniswapV2Migrator.initialize
FNDA:8,UniswapV2Migrator.initialize
DA:46,8
DA:48,8
BRDA:48,0,0,3
DA:49,8
BRDA:49,1,0,2
DA:51,8
DA:53,8
BRDA:53,2,0,7
DA:54,7
DA:58,8
DA:59,8
DA:61,0
DA:70,3
FN:70,UniswapV2Migrator.migrate
FNDA:3,UniswapV2Migrator.migrate
DA:76,3
BRDA:76,3,0,1
DA:77,1
DA:80,2
DA:81,2
DA:83,2
BRDA:83,4,0,-
BRDA:83,4,1,-
DA:84,0
DA:85,0
DA:86,0
DA:88,2
DA:91,0
DA:93,2
DA:94,2
DA:96,2
BRDA:96,5,0,-
BRDA:96,5,1,1
DA:97,0
DA:98,0
DA:99,2
BRDA:99,6,0,1
DA:100,1
DA:101,1
DA:104,2
BRDA:104,7,0,-
DA:105,0
DA:106,0
DA:110,2
DA:112,2
DA:113,2
DA:115,2
DA:116,2
DA:117,2
DA:118,2
DA:119,2
DA:121,2
BRDA:121,8,0,1
DA:122,1
DA:125,2
DA:126,2
BRDA:126,9,0,-
DA:127,0
DA:130,2
DA:131,2
BRDA:131,10,0,1
DA:132,1
FNF:3
FNH:3
LF:53
LH:43
BRF:13
BRH:8
end_of_record
TN:
SF:src/UniswapV3Initializer.sol
DA:93,21
FN:93,UniswapV3Initializer.constructor
FNDA:21,UniswapV3Initializer.constructor
DA:94,21
DA:95,21
DA:99,10
FN:99,UniswapV3Initializer.initialize
FNDA:10,UniswapV3Initializer.initialize
DA:106,10
BRDA:106,0,0,-
BRDA:106,0,1,-
DA:108,10
DA:109,9
DA:125,9
BRDA:125,1,0,-
BRDA:125,1,1,-
DA:127,9
DA:128,9
BRDA:128,2,0,-
DA:130,9
DA:131,9
DA:133,9
DA:135,9
DA:136,9
DA:138,9
DA:139,9
BRDA:139,3,0,-
BRDA:139,3,1,-
DA:141,8
DA:143,8
BRDA:143,4,0,8
DA:144,8
DA:146,8
DA:148,4
DA:150,8
DA:162,8
DA:163,8
DA:165,8
DA:168,8
DA:172,5
FN:172,UniswapV3Initializer.exitLiquidity
FNDA:5,UniswapV3Initializer.exitLiquidity
DA:186,5
BRDA:186,5,0,-
BRDA:186,5,1,-
DA:187,4
BRDA:187,6,0,-
BRDA:187,6,1,-
DA:188,3
DA:190,3
DA:191,3
DA:192,3
DA:193,3
DA:194,3
DA:196,3
DA:198,3
DA:200,3
DA:201,3
BRDA:201,7,0,-
BRDA:201,7,1,3
DA:203,3
DA:205,3
DA:206,3
DA:208,3
DA:212,3
DA:222,3
DA:223,3
DA:224,3
DA:226,3
DA:227,3
DA:229,3
DA:230,3
DA:233,80
FN:233,UniswapV3Initializer.uniswapV3MintCallback
FNDA:80,UniswapV3Initializer.uniswapV3MintCallback
DA:234,80
DA:235,80
DA:237,80
BRDA:237,8,0,-
BRDA:237,8,1,-
DA:239,80
DA:242,112
FN:242,UniswapV3Initializer.alignTickToTickSpacing
FNDA:112,UniswapV3Initializer.alignTickToTickSpacing
DA:243,35
BRDA:243,9,0,35
BRDA:243,9,1,70
DA:245,35
BRDA:245,10,0,10
BRDA:245,10,1,25
DA:247,10
DA:250,25
DA:254,77
BRDA:254,11,0,7
BRDA:254,11,1,70
DA:256,7
DA:259,70
DA:266,11
FN:266,UniswapV3Initializer.calculateLpTail
FNDA:11,UniswapV3Initializer.calculateLpTail
DA:275,11
DA:277,11
DA:279,11
DA:287,11
DA:288,11
DA:290,11
BRDA:290,12,0,-
BRDA:290,12,1,-
DA:292,11
DA:300,11
FN:300,UniswapV3Initializer.calculateLogNormalDistribution
FNDA:11,UniswapV3Initializer.calculateLogNormalDistribution
DA:308,11
DA:309,11
DA:311,11
DA:313,11
DA:314,11
DA:315,11
DA:316,11
DA:317,11
DA:319,11
DA:321,101
DA:326,31
DA:328,101
BRDA:328,13,0,101
DA:329,101
DA:333,101
DA:334,101
BRDA:334,14,0,101
DA:335,101
DA:339,31
DA:349,101
DA:366,101
DA:375,11
BRDA:375,15,0,-
BRDA:375,15,1,-
DA:377,11
DA:380,8
FN:380,UniswapV3Initializer.mintPositions
FNDA:8,UniswapV3Initializer.mintPositions
DA:388,8
DA:389,79
DA:399,18
FN:399,UniswapV3Initializer.checkPoolParams
FNDA:18,UniswapV3Initializer.checkPoolParams
DA:400,18
BRDA:400,16,0,-
DA:403,3
FN:403,UniswapV3Initializer.burnPositionsMultiple
FNDA:3,UniswapV3Initializer.burnPositionsMultiple
DA:408,3
DA:409,3
DA:410,3
DA:411,3
DA:412,3
DA:413,33
DA:416,33
DA:424,33
DA:425,33
DA:427,33
DA:428,33
FNF:10
FNH:10
LF:112
LH:112
BRF:29
BRH:10
end_of_record
TN:
SF:src/UniswapV4Initializer.sol
DA:25,12
FN:25,DopplerDeployer.constructor
FNDA:12,DopplerDeployer.constructor
DA:26,12
DA:27,12
DA:30,2
FN:30,DopplerDeployer.deploy
FNDA:2,DopplerDeployer.deploy
DA:31,2
DA:43,2
DA:45,2
DA:61,0
DA:88,12
FN:88,UniswapV4Initializer.constructor
FNDA:12,UniswapV4Initializer.constructor
DA:89,12
DA:90,12
DA:91,12
DA:95,2
FN:95,UniswapV4Initializer.initialize
FNDA:2,UniswapV4Initializer.initialize
DA:102,2
BRDA:102,0,0,-
DA:103,0
DA:106,2
DA:107,2
DA:109,2
DA:111,2
BRDA:111,1,0,-
DA:112,0
DA:115,2
DA:123,2
BRDA:123,2,0,-
DA:124,0
DA:127,2
BRDA:127,3,0,-
DA:128,0
DA:131,2
DA:132,2
DA:134,2
DA:136,2
DA:140,0
FN:140,UniswapV4Initializer.exitLiquidity
FNDA:0,UniswapV4Initializer.exitLiquidity
DA:154,0
BRDA:154,4,0,-
DA:155,0
DA:158,0
FNF:5
FNH:4
LF:33
LH:24
BRF:5
BRH:0
end_of_record
TN:
SF:test/invariant/AddressSet.sol
DA:10,0
FN:10,LibAddressSet.add
FNDA:0,LibAddressSet.add
DA:11,0
BRDA:11,0,0,-
DA:12,0
DA:13,0
DA:17,0
FN:17,LibAddressSet.contains
FNDA:0,LibAddressSet.contains
DA:18,0
DA:21,0
FN:21,LibAddressSet.count
FNDA:0,LibAddressSet.count
DA:24,0
DA:27,0
FN:27,LibAddressSet.rand
FNDA:0,LibAddressSet.rand
DA:28,0
BRDA:28,1,0,-
BRDA:28,1,1,-
DA:29,0
DA:31,0
DA:35,0
FN:35,LibAddressSet.forEach
FNDA:0,LibAddressSet.forEach
DA:36,0
DA:37,0
DA:41,0
FN:41,LibAddressSet.reduce
FNDA:0,LibAddressSet.reduce
DA:46,0
DA:47,0
DA:49,0
FNF:6
FNH:0
LF:19
LH:0
BRF:3
BRH:0
end_of_record
TN:
SF:test/invariant/DopplerHandler.sol
DA:41,0
FN:41,DopplerHandler.createActor
FNDA:0,DopplerHandler.createActor
DA:42,0
DA:43,0
DA:44,0
DA:46,0
DA:49,0
FN:49,DopplerHandler.useActor
FNDA:0,DopplerHandler.useActor
DA:52,0
DA:53,0
DA:55,0
DA:58,0
FN:58,DopplerHandler.countCall
FNDA:0,DopplerHandler.countCall
DA:61,0
DA:62,0
DA:66,7
FN:66,DopplerHandler.constructor
FNDA:7,DopplerHandler.constructor
DA:73,7
DA:74,7
DA:75,7
DA:76,7
DA:77,7
DA:79,7
BRDA:79,0,0,7
BRDA:79,0,1,-
DA:80,7
DA:81,7
DA:83,0
DA:86,7
DA:87,7
DA:89,7
BRDA:89,1,0,7
BRDA:89,1,1,-
DA:90,7
DA:91,7
DA:93,0
DA:94,0
DA:99,0
FN:99,DopplerHandler.buyExactAmountIn
FNDA:0,DopplerHandler.buyExactAmountIn
DA:102,0
DA:104,0
BRDA:104,2,0,-
BRDA:104,2,1,-
DA:105,0
DA:107,0
DA:108,0
DA:111,0
DA:112,0
DA:113,0
DA:114,0
DA:116,0
BRDA:116,3,0,-
BRDA:116,3,1,-
DA:117,0
DA:118,0
DA:120,0
DA:121,0
DA:125,0
FN:125,DopplerHandler.buyExactAmountOut
FNDA:0,DopplerHandler.buyExactAmountOut
DA:128,0
DA:129,0
DA:131,0
BRDA:131,4,0,-
BRDA:131,4,1,-
DA:132,0
DA:134,0
DA:135,0
DA:138,0
DA:139,0
DA:140,0
DA:141,0
DA:143,0
BRDA:143,5,0,-
BRDA:143,5,1,-
DA:144,0
DA:145,0
DA:147,0
DA:148,0
DA:152,0
FN:152,DopplerHandler.sellExactIn
FNDA:0,DopplerHandler.sellExactIn
DA:156,0
DA:158,0
DA:159,0
DA:160,0
DA:162,0
DA:163,0
DA:164,0
DA:166,0
BRDA:166,7,0,-
BRDA:166,7,1,-
DA:167,0
DA:168,0
DA:170,0
DA:171,0
DA:175,0
FN:175,DopplerHandler.sellExactOut
FNDA:0,DopplerHandler.sellExactOut
DA:179,0
DA:182,0
DA:185,0
DA:187,0
DA:188,0
DA:190,0
DA:191,0
DA:192,0
DA:194,0
BRDA:194,9,0,-
BRDA:194,9,1,-
DA:195,0
DA:196,0
DA:198,0
DA:199,0
DA:203,0
FN:203,DopplerHandler.goNextEpoch
FNDA:0,DopplerHandler.goNextEpoch
DA:204,0
FNF:9
FNH:1
LF:89
LH:14
BRF:16
BRH:2
end_of_record
TN:
SF:test/shared/BaseTest.sol
DA:124,58
FN:124,BaseTest._deploy
FNDA:58,BaseTest._deploy
DA:125,0
DA:126,0
DA:131,0
FN:131,BaseTest._deploy
FNDA:0,BaseTest._deploy
DA:132,0
DA:133,0
DA:134,0
DA:139,0
FN:139,BaseTest._deploy
FNDA:0,BaseTest._deploy
DA:142,0
DA:143,0
DA:148,0
FN:148,BaseTest._deploy
FNDA:0,BaseTest._deploy
DA:149,0
DA:150,0
DA:151,0
DA:155,72
FN:155,BaseTest._deployTokens
FNDA:72,BaseTest._deployTokens
DA:156,72
DA:157,72
DA:159,0
BRDA:159,0,0,-
BRDA:159,0,1,-
DA:160,0
DA:161,0
DA:162,0
DA:163,0
DA:164,0
DA:165,0
DA:167,0
DA:170,72
DA:173,72
DA:174,72
DA:179,58
FN:179,BaseTest._deployDoppler
FNDA:58,BaseTest._deployDoppler
DA:180,58
DA:184,58
FN:184,BaseTest._deployDoppler
FNDA:58,BaseTest._deployDoppler
DA:187,58
DA:188,58
DA:189,58
DA:191,58
DA:195,58
DA:198,58
DA:202,58
DA:204,58
DA:212,58
DA:233,58
DA:235,58
DA:237,58
DA:239,58
DA:241,58
BRDA:241,1,0,-
DA:242,0
DA:243,0
DA:244,0
DA:248,58
FN:248,BaseTest.setUp
FNDA:58,BaseTest.setUp
DA:249,58
DA:250,0
DA:253,58
DA:254,58
DA:258,58
DA:260,58
BRDA:260,2,0,58
DA:262,58
DA:263,58
DA:265,58
DA:266,58
DA:268,58
DA:269,58
DA:271,58
DA:272,58
DA:275,41
FN:275,BaseTest.computeBuyExactOut
FNDA:41,BaseTest.computeBuyExactOut
DA:278,41
DA:287,41
DA:290,0
FN:290,BaseTest.computeSellExactOut
FNDA:0,BaseTest.computeSellExactOut
DA:293,0
DA:302,0
DA:305,1
FN:305,BaseTest.buyExactIn
FNDA:1,BaseTest.buyExactIn
DA:308,1
DA:311,1
FN:311,BaseTest.buyExactOut
FNDA:1,BaseTest.buyExactOut
DA:314,1
DA:317,0
FN:317,BaseTest.sellExactIn
FNDA:0,BaseTest.sellExactIn
DA:320,0
DA:323,0
FN:323,BaseTest.sellExactOut
FNDA:0,BaseTest.sellExactOut
DA:326,0
DA:334,47
FN:334,BaseTest.buy
FNDA:47,BaseTest.buy
DA:338,47
DA:340,0
BRDA:340,3,0,-
BRDA:340,3,1,-
DA:341,0
DA:343,47
DA:344,47
DA:347,0
DA:354,47
DA:355,47
DA:357,47
DA:365,9
FN:365,BaseTest.sell
FNDA:9,BaseTest.sell
DA:369,9
DA:370,9
DA:372,9
DA:379,9
DA:380,9
DA:382,9
DA:385,2
FN:385,BaseTest.sellExpectRevert
FNDA:2,BaseTest.sellExpectRevert
DA:387,2
BRDA:387,4,0,-
DA:388,0
DA:390,2
DA:391,2
DA:392,2
DA:401,2
DA:409,3
FN:409,BaseTest.buyExpectRevert
FNDA:3,BaseTest.buyExpectRevert
DA:411,3
BRDA:411,5,0,-
DA:412,0
DA:414,3
DA:416,0
BRDA:416,6,0,-
BRDA:416,6,1,-
DA:417,0
DA:419,3
DA:420,3
DA:423,3
DA:432,3
DA:440,1
FN:440,BaseTest.computeFees
FNDA:1,BaseTest.computeFees
DA:441,1
DA:443,1
DA:444,1
DA:445,1
BRDA:445,7,0,-
BRDA:445,7,1,1
DA:446,0
DA:447,0
DA:448,0
DA:449,0
DA:451,1
DA:452,1
DA:455,1
DA:458,0
FN:458,BaseTest._debugPositions
FNDA:0,BaseTest._debugPositions
DA:461,0
DA:463,0
DA:464,0
DA:466,0
DA:467,0
DA:468,0
DA:472,0
DA:473,0
DA:474,0
DA:475,0
DA:476,0
DA:477,0
FNF:20
FNH:13
LF:136
LH:80
BRF:12
BRH:2
end_of_record
TN:
SF:test/shared/CustomRouter.sol
DA:30,58
FN:30,CustomRouter.constructor
FNDA:58,CustomRouter.constructor
DA:31,58
DA:32,58
DA:33,58
DA:34,58
DA:35,58
DA:37,58
DA:38,58
DA:41,0
FN:41,CustomRouter.computeBuyExactOut
FNDA:0,CustomRouter.computeBuyExactOut
DA:44,0
DA:53,0
DA:56,0
FN:56,CustomRouter.computeSellExactOut
FNDA:0,CustomRouter.computeSellExactOut
DA:59,0
DA:68,0
DA:73,0
FN:73,CustomRouter.buyExactIn
FNDA:0,CustomRouter.buyExactIn
DA:76,0
DA:80,0
FN:80,CustomRouter.buyExactOut
FNDA:0,CustomRouter.buyExactOut
DA:83,0
DA:88,0
FN:88,CustomRouter.sellExactIn
FNDA:0,CustomRouter.sellExactIn
DA:91,0
DA:96,0
FN:96,CustomRouter.sellExactOut
FNDA:0,CustomRouter.sellExactOut
DA:99,0
DA:107,0
FN:107,CustomRouter.mintAndBuy
FNDA:0,CustomRouter.mintAndBuy
DA:111,0
DA:114,0
BRDA:114,0,0,-
BRDA:114,0,1,-
DA:115,0
DA:117,0
DA:118,0
DA:121,0
DA:128,0
DA:129,0
DA:131,0
DA:132,0
DA:134,0
DA:136,0
DA:144,0
FN:144,CustomRouter.buy
FNDA:0,CustomRouter.buy
DA:148,0
DA:150,0
BRDA:150,1,0,-
BRDA:150,1,1,-
DA:151,0
BRDA:151,2,0,-
BRDA:151,2,1,-
DA:153,0
DA:154,0
DA:157,0
DA:164,0
DA:165,0
DA:167,0
DA:168,0
DA:170,0
DA:172,0
DA:180,0
FN:180,CustomRouter.sell
FNDA:0,CustomRouter.sell
DA:183,0
DA:184,0
DA:185,0
DA:187,0
DA:194,0
DA:195,0
DA:197,0
DA:198,0
DA:200,0
BRDA:200,3,0,-
BRDA:200,3,1,-
DA:201,0
DA:203,0
DA:206,0
FNF:10
FNH:1
LF:61
LH:8
BRF:8
BRH:0
end_of_record
TN:
SF:test/shared/CustomRouter2.sol
DA:28,0
FN:28,CustomRouter2.constructor
FNDA:0,CustomRouter2.constructor
DA:29,0
DA:30,0
DA:35,0
FN:35,CustomRouter2._getHookData
FNDA:0,CustomRouter2._getHookData
DA:38,0
DA:39,0
DA:40,0
DA:41,0
DA:44,0
FN:44,CustomRouter2.computeBuyExactOut
FNDA:0,CustomRouter2.computeBuyExactOut
DA:45,0
DA:46,0
DA:55,0
DA:58,0
FN:58,CustomRouter2.computeSellExactOut
FNDA:0,CustomRouter2.computeSellExactOut
DA:59,0
DA:60,0
DA:69,0
DA:74,0
FN:74,CustomRouter2.buyExactIn
FNDA:0,CustomRouter2.buyExactIn
DA:75,0
DA:79,0
FN:79,CustomRouter2.buyExactOut
FNDA:0,CustomRouter2.buyExactOut
DA:80,0
DA:85,0
FN:85,CustomRouter2.sellExactIn
FNDA:0,CustomRouter2.sellExactIn
DA:86,0
DA:91,0
FN:91,CustomRouter2.sellExactOut
FNDA:0,CustomRouter2.sellExactOut
DA:92,0
DA:100,0
FN:100,CustomRouter2.buy
FNDA:0,CustomRouter2.buy
DA:101,0
DA:103,0
DA:105,0
BRDA:105,0,0,-
BRDA:105,0,1,-
DA:106,0
BRDA:106,1,0,-
BRDA:106,1,1,-
DA:108,0
DA:109,0
DA:112,0
DA:119,0
DA:120,0
DA:122,0
DA:123,0
DA:125,0
DA:127,0
DA:135,0
FN:135,CustomRouter2.sell
FNDA:0,CustomRouter2.sell
DA:136,0
DA:137,0
DA:138,0
DA:139,0
DA:141,0
DA:148,0
DA:149,0
DA:151,0
DA:152,0
DA:154,0
BRDA:154,2,0,-
BRDA:154,2,1,-
DA:155,0
DA:157,0
DA:160,0
FNF:10
FNH:0
LF:52
LH:0
BRF:6
BRH:0
end_of_record
TN:
SF:test/shared/DopplerImplementation.sol
DA:17,58
FN:17,DopplerImplementation.constructor
FNDA:58,DopplerImplementation.constructor
DA:49,58
DA:53,0
FN:53,DopplerImplementation.validateHookAddress
FNDA:0,DopplerImplementation.validateHookAddress
DA:57,317
FN:57,DopplerImplementation.getStartingTime
FNDA:317,DopplerImplementation.getStartingTime
DA:58,317
DA:61,270
FN:61,DopplerImplementation.getEndingTime
FNDA:270,DopplerImplementation.getEndingTime
DA:62,270
DA:65,37
FN:65,DopplerImplementation.getEpochLength
FNDA:37,DopplerImplementation.getEpochLength
DA:66,37
DA:69,263
FN:69,DopplerImplementation.getIsToken0
FNDA:263,DopplerImplementation.getIsToken0
DA:70,263
DA:73,4
FN:73,DopplerImplementation.getNumTokensToSell
FNDA:4,DopplerImplementation.getNumTokensToSell
DA:74,4
DA:77,5
FN:77,DopplerImplementation.getMinimumProceeds
FNDA:5,DopplerImplementation.getMinimumProceeds
DA:78,5
DA:81,0
FN:81,DopplerImplementation.getMaximumProceeds
FNDA:0,DopplerImplementation.getMaximumProceeds
DA:82,0
DA:85,259
FN:85,DopplerImplementation.getStartingTick
FNDA:259,DopplerImplementation.getStartingTick
DA:86,259
DA:89,257
FN:89,DopplerImplementation.getEndingTick
FNDA:257,DopplerImplementation.getEndingTick
DA:90,257
DA:93,257
FN:93,DopplerImplementation.getGamma
FNDA:257,DopplerImplementation.getGamma
DA:94,257
DA:97,2
FN:97,DopplerImplementation.getNormalizedEpochDelta
FNDA:2,DopplerImplementation.getNormalizedEpochDelta
DA:98,2
DA:101,9
FN:101,DopplerImplementation.getExpectedAmountSoldWithEpochOffset
FNDA:9,DopplerImplementation.getExpectedAmountSoldWithEpochOffset
DA:104,9
DA:107,4
FN:107,DopplerImplementation.getMaxTickDeltaPerEpoch
FNDA:4,DopplerImplementation.getMaxTickDeltaPerEpoch
DA:108,4
DA:111,271
FN:111,DopplerImplementation.getTicksBasedOnState
FNDA:271,DopplerImplementation.getTicksBasedOnState
DA:112,271
DA:115,4
FN:115,DopplerImplementation.getCurrentEpoch
FNDA:4,DopplerImplementation.getCurrentEpoch
DA:116,4
DA:119,2
FN:119,DopplerImplementation.getTotalEpochs
FNDA:2,DopplerImplementation.getTotalEpochs
DA:120,2
DA:123,258
FN:123,DopplerImplementation.getNormalizedTimeElapsed
FNDA:258,DopplerImplementation.getNormalizedTimeElapsed
DA:126,258
DA:129,10
FN:129,DopplerImplementation.getEpochEndWithOffset
FNDA:10,DopplerImplementation.getEpochEndWithOffset
DA:132,10
DA:135,100
FN:135,DopplerImplementation.getNumPDSlugs
FNDA:100,DopplerImplementation.getNumPDSlugs
DA:136,100
DA:139,257
FN:139,DopplerImplementation.alignComputedTickWithTickSpacing
FNDA:257,DopplerImplementation.alignComputedTickWithTickSpacing
DA:140,257
DA:143,0
FN:143,DopplerImplementation.computeLowerSlugData
FNDA:0,DopplerImplementation.computeLowerSlugData
DA:151,0
DA:154,0
FN:154,DopplerImplementation.computeUpperSlugData
FNDA:0,DopplerImplementation.computeUpperSlugData
DA:160,0
DA:163,0
FN:163,DopplerImplementation.computePriceDiscoverySlugsData
FNDA:0,DopplerImplementation.computePriceDiscoverySlugsData
DA:169,0
DA:172,99
FN:172,DopplerImplementation.getPositions
FNDA:99,DopplerImplementation.getPositions
DA:175,99
DA:178,0
FN:178,DopplerImplementation.unlock
FNDA:0,DopplerImplementation.unlock
DA:181,0
DA:184,16
FN:184,DopplerImplementation.getCurrentTick
FNDA:16,DopplerImplementation.getCurrentTick
DA:187,16
DA:188,16
DA:191,0
FN:191,DopplerImplementation.getRequiredProceeds
FNDA:0,DopplerImplementation.getRequiredProceeds
DA:196,0
DA:199,1
FN:199,DopplerImplementation.getFeesAccrued
FNDA:1,DopplerImplementation.getFeesAccrued
DA:200,1
FNF:30
FNH:23
LF:60
LH:47
BRF:0
BRH:0
end_of_record
TN:
SF:test/shared/SlugVis.sol
DA:20,2
FN:20,SlugVis.visualizeSlugs
FNDA:2,SlugVis.visualizeSlugs
DA:26,2
DA:27,2
DA:28,2
DA:29,2
DA:30,2
DA:31,2
DA:32,2
DA:33,2
DA:36,2
FN:36,SlugVis.checkSlugsAndCreateNamedSlugArray
FNDA:2,SlugVis.checkSlugsAndCreateNamedSlugArray
DA:42,2
DA:43,2
DA:44,2
DA:46,2
DA:47,6
BRDA:47,0,0,6
DA:48,6
DA:52,2
DA:54,0
DA:55,2
DA:57,0
BRDA:57,1,0,-
DA:58,0
DA:61,2
BRDA:61,2,0,2
DA:62,2
DA:66,2
BRDA:66,3,0,2
DA:67,2
DA:68,6
DA:77,2
DA:80,2
FN:80,SlugVis.getSlugDataFromPositions
FNDA:2,SlugVis.getSlugDataFromPositions
DA:84,2
DA:85,2
DA:86,2
DA:87,2
DA:88,6
DA:91,2
DA:96,2
DA:101,2
DA:102,2
DA:103,6
DA:109,2
DA:112,2
FN:112,SlugVis._constructJson
FNDA:2,SlugVis._constructJson
DA:118,2
DA:120,2
DA:121,8
DA:149,8
BRDA:149,4,0,6
DA:150,6
DA:154,2
DA:155,2
DA:158,22
FN:158,SlugVis.uint2str
FNDA:22,SlugVis.uint2str
DA:161,22
BRDA:161,5,0,-
DA:162,0
DA:164,22
DA:165,22
DA:166,256
DA:167,234
DA:168,234
DA:170,22
DA:171,22
DA:172,22
DA:173,256
DA:174,234
DA:175,234
DA:177,22
DA:180,24
FN:180,SlugVis.int2str
FNDA:24,SlugVis.int2str
DA:183,24
BRDA:183,6,0,-
DA:184,0
DA:186,24
DA:187,24
DA:188,24
DA:189,24
DA:190,120
DA:191,96
DA:192,96
DA:194,0
BRDA:194,7,0,-
DA:195,0
DA:197,24
DA:198,24
DA:199,120
DA:200,96
DA:201,96
DA:203,0
BRDA:203,8,0,-
DA:204,0
DA:206,24
FNF:6
FNH:6
LF:82
LH:73
BRF:9
BRH:4
end_of_record
